2023-04-21T10:56:44.080+05:30  INFO 4404 --- [main] H.Insurance.HealthInsuranceApplication   : Starting HealthInsuranceApplication using Java 17.0.5 with PID 4404 (C:\Users\a885294\OneDrive - Atos\Desktop\projects\HealthInsurance\target\classes started by a885294 in C:\Users\a885294\OneDrive - Atos\Desktop\projects\HealthInsurance)
2023-04-21T10:56:44.087+05:30  INFO 4404 --- [main] H.Insurance.HealthInsuranceApplication   : No active profile set, falling back to 1 default profile: "default"
2023-04-21T10:56:44.647+05:30  INFO 4404 --- [main] .s.d.r.c.RepositoryConfigurationDelegate : Bootstrapping Spring Data JPA repositories in DEFAULT mode.
2023-04-21T10:56:44.714+05:30  INFO 4404 --- [main] .s.d.r.c.RepositoryConfigurationDelegate : Finished Spring Data repository scanning in 52 ms. Found 1 JPA repository interfaces.
2023-04-21T10:56:45.264+05:30  INFO 4404 --- [main] o.s.b.w.embedded.tomcat.TomcatWebServer  : Tomcat initialized with port(s): 8041 (http)
2023-04-21T10:56:45.277+05:30  INFO 4404 --- [main] o.apache.catalina.core.StandardService   : Starting service [Tomcat]
2023-04-21T10:56:45.278+05:30  INFO 4404 --- [main] o.apache.catalina.core.StandardEngine    : Starting Servlet engine: [Apache Tomcat/10.1.5]
2023-04-21T10:56:45.405+05:30  INFO 4404 --- [main] o.a.c.c.C.[Tomcat].[localhost].[/]       : Initializing Spring embedded WebApplicationContext
2023-04-21T10:56:45.406+05:30  INFO 4404 --- [main] w.s.c.ServletWebServerApplicationContext : Root WebApplicationContext: initialization completed in 1268 ms
2023-04-21T10:56:45.938+05:30  INFO 4404 --- [main] com.zaxxer.hikari.HikariDataSource       : HikariPool-1 - Starting...
2023-04-21T10:56:46.553+05:30  INFO 4404 --- [main] com.zaxxer.hikari.pool.HikariPool        : HikariPool-1 - Added connection com.mysql.cj.jdbc.ConnectionImpl@30c7be6f
2023-04-21T10:56:46.556+05:30  INFO 4404 --- [main] com.zaxxer.hikari.HikariDataSource       : HikariPool-1 - Start completed.
2023-04-21T10:56:46.579+05:30  INFO 4404 --- [main] SQL dialect                              : HHH000400: Using dialect: org.hibernate.dialect.MySQL5Dialect
2023-04-21T10:56:47.444+05:30  INFO 4404 --- [main] j.LocalContainerEntityManagerFactoryBean : Initialized JPA EntityManagerFactory for persistence unit 'default'
2023-04-21T10:56:47.722+05:30  WARN 4404 --- [main] JpaBaseConfiguration$JpaWebConfiguration : spring.jpa.open-in-view is enabled by default. Therefore, database queries may be performed during view rendering. Explicitly configure spring.jpa.open-in-view to disable this warning
2023-04-21T10:56:48.013+05:30  INFO 4404 --- [main] o.s.b.w.embedded.tomcat.TomcatWebServer  : Tomcat started on port(s): 8041 (http) with context path ''
2023-04-21T10:56:48.020+05:30  INFO 4404 --- [main] H.Insurance.HealthInsuranceApplication   : Started HealthInsuranceApplication in 4.385 seconds (process running for 5.397)
2023-04-21T10:56:58.903+05:30  INFO 4404 --- [RMI TCP Connection(2)-127.0.0.1] inMXBeanRegistrar$SpringApplicationAdmin : Application shutdown requested.
2023-04-21T10:56:58.923+05:30  INFO 4404 --- [RMI TCP Connection(2)-127.0.0.1] o.apache.catalina.core.StandardService   : Stopping service [Tomcat]
2023-04-21T10:56:58.935+05:30  INFO 4404 --- [RMI TCP Connection(2)-127.0.0.1] j.LocalContainerEntityManagerFactoryBean : Closing JPA EntityManagerFactory for persistence unit 'default'
2023-04-21T10:56:58.939+05:30  INFO 4404 --- [RMI TCP Connection(2)-127.0.0.1] com.zaxxer.hikari.HikariDataSource       : HikariPool-1 - Shutdown initiated...
2023-04-21T10:56:58.954+05:30  INFO 4404 --- [RMI TCP Connection(2)-127.0.0.1] com.zaxxer.hikari.HikariDataSource       : HikariPool-1 - Shutdown completed.
2023-04-21T10:57:05.922+05:30  INFO 8036 --- [main] H.Insurance.HealthInsuranceApplication   : Starting HealthInsuranceApplication using Java 17.0.5 with PID 8036 (C:\Users\a885294\OneDrive - Atos\Desktop\projects\HealthInsurance\target\classes started by a885294 in C:\Users\a885294\OneDrive - Atos\Desktop\projects\HealthInsurance)
2023-04-21T10:57:05.925+05:30  INFO 8036 --- [main] H.Insurance.HealthInsuranceApplication   : No active profile set, falling back to 1 default profile: "default"
2023-04-21T10:57:05.969+05:30  INFO 17216 --- [main] H.Insurance.HealthInsuranceApplication   : Starting HealthInsuranceApplication using Java 17.0.5 with PID 17216 (C:\Users\a885294\OneDrive - Atos\Desktop\projects\HealthInsurance\target\classes started by a885294 in C:\Users\a885294\OneDrive - Atos\Desktop\projects\HealthInsurance)
2023-04-21T10:57:05.971+05:30  INFO 17216 --- [main] H.Insurance.HealthInsuranceApplication   : No active profile set, falling back to 1 default profile: "default"
2023-04-21T10:57:06.396+05:30  INFO 8036 --- [main] .s.d.r.c.RepositoryConfigurationDelegate : Bootstrapping Spring Data JPA repositories in DEFAULT mode.
2023-04-21T10:57:06.435+05:30  INFO 17216 --- [main] .s.d.r.c.RepositoryConfigurationDelegate : Bootstrapping Spring Data JPA repositories in DEFAULT mode.
2023-04-21T10:57:06.448+05:30  INFO 8036 --- [main] .s.d.r.c.RepositoryConfigurationDelegate : Finished Spring Data repository scanning in 44 ms. Found 1 JPA repository interfaces.
2023-04-21T10:57:06.483+05:30  INFO 17216 --- [main] .s.d.r.c.RepositoryConfigurationDelegate : Finished Spring Data repository scanning in 40 ms. Found 1 JPA repository interfaces.
2023-04-21T10:57:06.832+05:30  INFO 8036 --- [main] o.s.b.w.embedded.tomcat.TomcatWebServer  : Tomcat initialized with port(s): 8041 (http)
2023-04-21T10:57:06.841+05:30  INFO 8036 --- [main] o.apache.catalina.core.StandardService   : Starting service [Tomcat]
2023-04-21T10:57:06.841+05:30  INFO 8036 --- [main] o.apache.catalina.core.StandardEngine    : Starting Servlet engine: [Apache Tomcat/10.1.5]
2023-04-21T10:57:06.868+05:30  INFO 17216 --- [main] o.s.b.w.embedded.tomcat.TomcatWebServer  : Tomcat initialized with port(s): 8041 (http)
2023-04-21T10:57:06.877+05:30  INFO 17216 --- [main] o.apache.catalina.core.StandardService   : Starting service [Tomcat]
2023-04-21T10:57:06.877+05:30  INFO 17216 --- [main] o.apache.catalina.core.StandardEngine    : Starting Servlet engine: [Apache Tomcat/10.1.5]
2023-04-21T10:57:06.922+05:30  INFO 8036 --- [main] o.a.c.c.C.[Tomcat].[localhost].[/]       : Initializing Spring embedded WebApplicationContext
2023-04-21T10:57:06.922+05:30  INFO 8036 --- [main] w.s.c.ServletWebServerApplicationContext : Root WebApplicationContext: initialization completed in 958 ms
2023-04-21T10:57:06.954+05:30  INFO 17216 --- [main] o.a.c.c.C.[Tomcat].[localhost].[/]       : Initializing Spring embedded WebApplicationContext
2023-04-21T10:57:06.954+05:30  INFO 17216 --- [main] w.s.c.ServletWebServerApplicationContext : Root WebApplicationContext: initialization completed in 946 ms
2023-04-21T10:57:07.342+05:30  INFO 8036 --- [main] com.zaxxer.hikari.HikariDataSource       : HikariPool-1 - Starting...
2023-04-21T10:57:07.372+05:30  INFO 17216 --- [main] com.zaxxer.hikari.HikariDataSource       : HikariPool-1 - Starting...
2023-04-21T10:57:07.594+05:30  INFO 8036 --- [main] com.zaxxer.hikari.pool.HikariPool        : HikariPool-1 - Added connection com.mysql.cj.jdbc.ConnectionImpl@7bbdb220
2023-04-21T10:57:07.596+05:30  INFO 8036 --- [main] com.zaxxer.hikari.HikariDataSource       : HikariPool-1 - Start completed.
2023-04-21T10:57:07.613+05:30  INFO 8036 --- [main] SQL dialect                              : HHH000400: Using dialect: org.hibernate.dialect.MySQL5Dialect
2023-04-21T10:57:07.624+05:30  INFO 17216 --- [main] com.zaxxer.hikari.pool.HikariPool        : HikariPool-1 - Added connection com.mysql.cj.jdbc.ConnectionImpl@7ea3839e
2023-04-21T10:57:07.626+05:30  INFO 17216 --- [main] com.zaxxer.hikari.HikariDataSource       : HikariPool-1 - Start completed.
2023-04-21T10:57:07.642+05:30  INFO 17216 --- [main] SQL dialect                              : HHH000400: Using dialect: org.hibernate.dialect.MySQL5Dialect
2023-04-21T10:57:08.283+05:30  INFO 8036 --- [main] j.LocalContainerEntityManagerFactoryBean : Initialized JPA EntityManagerFactory for persistence unit 'default'
2023-04-21T10:57:08.311+05:30  INFO 17216 --- [main] j.LocalContainerEntityManagerFactoryBean : Initialized JPA EntityManagerFactory for persistence unit 'default'
2023-04-21T10:57:08.543+05:30  WARN 8036 --- [main] JpaBaseConfiguration$JpaWebConfiguration : spring.jpa.open-in-view is enabled by default. Therefore, database queries may be performed during view rendering. Explicitly configure spring.jpa.open-in-view to disable this warning
2023-04-21T10:57:08.577+05:30  WARN 17216 --- [main] JpaBaseConfiguration$JpaWebConfiguration : spring.jpa.open-in-view is enabled by default. Therefore, database queries may be performed during view rendering. Explicitly configure spring.jpa.open-in-view to disable this warning
2023-04-21T10:57:08.818+05:30  INFO 8036 --- [main] o.s.b.w.embedded.tomcat.TomcatWebServer  : Tomcat started on port(s): 8041 (http) with context path ''
2023-04-21T10:57:08.824+05:30  INFO 8036 --- [main] H.Insurance.HealthInsuranceApplication   : Started HealthInsuranceApplication in 3.256 seconds (process running for 3.814)
2023-04-21T10:57:08.836+05:30  WARN 17216 --- [main] ConfigServletWebServerApplicationContext : Exception encountered during context initialization - cancelling refresh attempt: org.springframework.context.ApplicationContextException: Failed to start bean 'webServerStartStop'
2023-04-21T10:57:08.837+05:30  INFO 17216 --- [main] j.LocalContainerEntityManagerFactoryBean : Closing JPA EntityManagerFactory for persistence unit 'default'
2023-04-21T10:57:08.838+05:30  INFO 17216 --- [main] com.zaxxer.hikari.HikariDataSource       : HikariPool-1 - Shutdown initiated...
2023-04-21T10:57:08.844+05:30  INFO 17216 --- [main] com.zaxxer.hikari.HikariDataSource       : HikariPool-1 - Shutdown completed.
2023-04-21T10:57:08.845+05:30  INFO 17216 --- [main] o.apache.catalina.core.StandardService   : Stopping service [Tomcat]
2023-04-21T10:57:08.852+05:30  INFO 17216 --- [main] .s.b.a.l.ConditionEvaluationReportLogger : 

Error starting ApplicationContext. To display the condition evaluation report re-run your application with 'debug' enabled.
2023-04-21T10:57:08.866+05:30 ERROR 17216 --- [main] o.s.b.d.LoggingFailureAnalysisReporter   : 

***************************
APPLICATION FAILED TO START
***************************

Description:

Web server failed to start. Port 8041 was already in use.

Action:

Identify and stop the process that's listening on port 8041 or configure this application to listen on another port.

2023-04-21T10:57:35.924+05:30  INFO 18240 --- [main] H.Insurance.HealthInsuranceApplication   : Starting HealthInsuranceApplication using Java 17.0.5 with PID 18240 (C:\Users\a885294\OneDrive - Atos\Desktop\projects\HealthInsurance\target\classes started by a885294 in C:\Users\a885294\OneDrive - Atos\Desktop\projects\HealthInsurance)
2023-04-21T10:57:35.926+05:30  INFO 18240 --- [main] H.Insurance.HealthInsuranceApplication   : No active profile set, falling back to 1 default profile: "default"
2023-04-21T10:57:36.378+05:30  INFO 18240 --- [main] .s.d.r.c.RepositoryConfigurationDelegate : Bootstrapping Spring Data JPA repositories in DEFAULT mode.
2023-04-21T10:57:36.426+05:30  INFO 18240 --- [main] .s.d.r.c.RepositoryConfigurationDelegate : Finished Spring Data repository scanning in 40 ms. Found 1 JPA repository interfaces.
2023-04-21T10:57:36.797+05:30  INFO 18240 --- [main] o.s.b.w.embedded.tomcat.TomcatWebServer  : Tomcat initialized with port(s): 8041 (http)
2023-04-21T10:57:36.805+05:30  INFO 18240 --- [main] o.apache.catalina.core.StandardService   : Starting service [Tomcat]
2023-04-21T10:57:36.806+05:30  INFO 18240 --- [main] o.apache.catalina.core.StandardEngine    : Starting Servlet engine: [Apache Tomcat/10.1.5]
2023-04-21T10:57:36.878+05:30  INFO 18240 --- [main] o.a.c.c.C.[Tomcat].[localhost].[/]       : Initializing Spring embedded WebApplicationContext
2023-04-21T10:57:36.879+05:30  INFO 18240 --- [main] w.s.c.ServletWebServerApplicationContext : Root WebApplicationContext: initialization completed in 920 ms
2023-04-21T10:57:37.289+05:30  INFO 18240 --- [main] com.zaxxer.hikari.HikariDataSource       : HikariPool-1 - Starting...
2023-04-21T10:57:37.546+05:30  INFO 18240 --- [main] com.zaxxer.hikari.pool.HikariPool        : HikariPool-1 - Added connection com.mysql.cj.jdbc.ConnectionImpl@15f2a43f
2023-04-21T10:57:37.548+05:30  INFO 18240 --- [main] com.zaxxer.hikari.HikariDataSource       : HikariPool-1 - Start completed.
2023-04-21T10:57:37.563+05:30  INFO 18240 --- [main] SQL dialect                              : HHH000400: Using dialect: org.hibernate.dialect.MySQL5Dialect
2023-04-21T10:57:38.195+05:30  INFO 18240 --- [main] j.LocalContainerEntityManagerFactoryBean : Initialized JPA EntityManagerFactory for persistence unit 'default'
2023-04-21T10:57:38.410+05:30  WARN 18240 --- [main] JpaBaseConfiguration$JpaWebConfiguration : spring.jpa.open-in-view is enabled by default. Therefore, database queries may be performed during view rendering. Explicitly configure spring.jpa.open-in-view to disable this warning
2023-04-21T10:57:38.625+05:30  WARN 18240 --- [main] ConfigServletWebServerApplicationContext : Exception encountered during context initialization - cancelling refresh attempt: org.springframework.context.ApplicationContextException: Failed to start bean 'webServerStartStop'
2023-04-21T10:57:38.626+05:30  INFO 18240 --- [main] j.LocalContainerEntityManagerFactoryBean : Closing JPA EntityManagerFactory for persistence unit 'default'
2023-04-21T10:57:38.628+05:30  INFO 18240 --- [main] com.zaxxer.hikari.HikariDataSource       : HikariPool-1 - Shutdown initiated...
2023-04-21T10:57:38.634+05:30  INFO 18240 --- [main] com.zaxxer.hikari.HikariDataSource       : HikariPool-1 - Shutdown completed.
2023-04-21T10:57:38.636+05:30  INFO 18240 --- [main] o.apache.catalina.core.StandardService   : Stopping service [Tomcat]
2023-04-21T10:57:38.644+05:30  INFO 18240 --- [main] .s.b.a.l.ConditionEvaluationReportLogger : 

Error starting ApplicationContext. To display the condition evaluation report re-run your application with 'debug' enabled.
2023-04-21T10:57:38.657+05:30 ERROR 18240 --- [main] o.s.b.d.LoggingFailureAnalysisReporter   : 

***************************
APPLICATION FAILED TO START
***************************

Description:

Web server failed to start. Port 8041 was already in use.

Action:

Identify and stop the process that's listening on port 8041 or configure this application to listen on another port.

2023-04-21T10:57:47.359+05:30  INFO 8036 --- [RMI TCP Connection(4)-127.0.0.1] inMXBeanRegistrar$SpringApplicationAdmin : Application shutdown requested.
2023-04-21T10:57:47.366+05:30  INFO 8036 --- [RMI TCP Connection(4)-127.0.0.1] o.apache.catalina.core.StandardService   : Stopping service [Tomcat]
2023-04-21T10:57:47.372+05:30  INFO 8036 --- [RMI TCP Connection(4)-127.0.0.1] j.LocalContainerEntityManagerFactoryBean : Closing JPA EntityManagerFactory for persistence unit 'default'
2023-04-21T10:57:47.374+05:30  INFO 8036 --- [RMI TCP Connection(4)-127.0.0.1] com.zaxxer.hikari.HikariDataSource       : HikariPool-1 - Shutdown initiated...
2023-04-21T10:57:47.381+05:30  INFO 8036 --- [RMI TCP Connection(4)-127.0.0.1] com.zaxxer.hikari.HikariDataSource       : HikariPool-1 - Shutdown completed.
2023-04-21T10:58:05.242+05:30  INFO 5440 --- [main] H.Insurance.HealthInsuranceApplication   : Starting HealthInsuranceApplication using Java 17.0.5 with PID 5440 (C:\Users\a885294\OneDrive - Atos\Desktop\projects\HealthInsurance\target\classes started by a885294 in C:\Users\a885294\OneDrive - Atos\Desktop\projects\HealthInsurance)
2023-04-21T10:58:05.244+05:30  INFO 5440 --- [main] H.Insurance.HealthInsuranceApplication   : No active profile set, falling back to 1 default profile: "default"
2023-04-21T10:58:05.676+05:30  INFO 5440 --- [main] .s.d.r.c.RepositoryConfigurationDelegate : Bootstrapping Spring Data JPA repositories in DEFAULT mode.
2023-04-21T10:58:05.722+05:30  INFO 5440 --- [main] .s.d.r.c.RepositoryConfigurationDelegate : Finished Spring Data repository scanning in 38 ms. Found 1 JPA repository interfaces.
2023-04-21T10:58:06.072+05:30  INFO 5440 --- [main] o.s.b.w.embedded.tomcat.TomcatWebServer  : Tomcat initialized with port(s): 8041 (http)
2023-04-21T10:58:06.080+05:30  INFO 5440 --- [main] o.apache.catalina.core.StandardService   : Starting service [Tomcat]
2023-04-21T10:58:06.080+05:30  INFO 5440 --- [main] o.apache.catalina.core.StandardEngine    : Starting Servlet engine: [Apache Tomcat/10.1.5]
2023-04-21T10:58:06.152+05:30  INFO 5440 --- [main] o.a.c.c.C.[Tomcat].[localhost].[/]       : Initializing Spring embedded WebApplicationContext
2023-04-21T10:58:06.153+05:30  INFO 5440 --- [main] w.s.c.ServletWebServerApplicationContext : Root WebApplicationContext: initialization completed in 875 ms
2023-04-21T10:58:06.619+05:30  INFO 5440 --- [main] com.zaxxer.hikari.HikariDataSource       : HikariPool-1 - Starting...
2023-04-21T10:58:06.858+05:30  INFO 5440 --- [main] com.zaxxer.hikari.pool.HikariPool        : HikariPool-1 - Added connection com.mysql.cj.jdbc.ConnectionImpl@57bdceaa
2023-04-21T10:58:06.860+05:30  INFO 5440 --- [main] com.zaxxer.hikari.HikariDataSource       : HikariPool-1 - Start completed.
2023-04-21T10:58:06.876+05:30  INFO 5440 --- [main] SQL dialect                              : HHH000400: Using dialect: org.hibernate.dialect.MySQL5Dialect
2023-04-21T10:58:07.491+05:30  INFO 5440 --- [main] j.LocalContainerEntityManagerFactoryBean : Initialized JPA EntityManagerFactory for persistence unit 'default'
2023-04-21T10:58:07.707+05:30  WARN 5440 --- [main] JpaBaseConfiguration$JpaWebConfiguration : spring.jpa.open-in-view is enabled by default. Therefore, database queries may be performed during view rendering. Explicitly configure spring.jpa.open-in-view to disable this warning
